c:\users\computing\desktop\parallel-statistics-calculation\parallel-statistics-calculation\tutorial 1\x64\release\vc140.pdb
c:\users\computing\desktop\parallel-statistics-calculation\parallel-statistics-calculation\tutorial 1\x64\release\vc140.idb
c:\users\computing\desktop\parallel-statistics-calculation\parallel-statistics-calculation\tutorial 1\x64\release\source.obj
c:\users\computing\desktop\parallel-statistics-calculation - copy\parallel-statistics-calculation\parallel-statistics-calculation\x64\release\vc140.pdb
c:\users\computing\desktop\parallel-statistics-calculation - copy\parallel-statistics-calculation\parallel-statistics-calculation\x64\release\vc140.idb
c:\users\computing\desktop\parallel-statistics-calculation - copy\parallel-statistics-calculation\parallel-statistics-calculation\x64\release\source.obj
c:\users\computing\desktop\parallel-statistics-calculation\parallel-statistics-calculation\x64\release\parallel-statistics-calculation.exe
c:\users\computing\desktop\parallel-statistics-calculation\parallel-statistics-calculation\x64\release\parallel-statistics-calculation.ipdb
c:\users\computing\desktop\parallel-statistics-calculation\parallel-statistics-calculation\x64\release\parallel-statistics-calculation.iobj
c:\users\computing\desktop\parallel-statistics-calculation\parallel-statistics-calculation\x64\release\parallel-statistics-calculation.pdb
c:\users\computing\desktop\parallel-statistics-calculation - copy\parallel-statistics-calculation\x64\release\parallel-statistics-calculation.exe
c:\users\computing\desktop\parallel-statistics-calculation - copy\parallel-statistics-calculation\x64\release\parallel-statistics-calculation.ipdb
c:\users\computing\desktop\parallel-statistics-calculation - copy\parallel-statistics-calculation\x64\release\parallel-statistics-calculation.iobj
c:\users\computing\desktop\parallel-statistics-calculation - copy\parallel-statistics-calculation\x64\release\parallel-statistics-calculation.pdb
c:\users\computing\desktop\parallel-statistics-calculation - copy\parallel-statistics-calculation\parallel-statistics-calculation\x64\release\parallel.e99f5dfc.tlog\cl.command.1.tlog
c:\users\computing\desktop\parallel-statistics-calculation - copy\parallel-statistics-calculation\parallel-statistics-calculation\x64\release\parallel.e99f5dfc.tlog\cl.read.1.tlog
c:\users\computing\desktop\parallel-statistics-calculation - copy\parallel-statistics-calculation\parallel-statistics-calculation\x64\release\parallel.e99f5dfc.tlog\cl.write.1.tlog
c:\users\computing\desktop\parallel-statistics-calculation - copy\parallel-statistics-calculation\parallel-statistics-calculation\x64\release\parallel.e99f5dfc.tlog\link.command.1.tlog
c:\users\computing\desktop\parallel-statistics-calculation - copy\parallel-statistics-calculation\parallel-statistics-calculation\x64\release\parallel.e99f5dfc.tlog\link.read.1.tlog
c:\users\computing\desktop\parallel-statistics-calculation - copy\parallel-statistics-calculation\parallel-statistics-calculation\x64\release\parallel.e99f5dfc.tlog\link.write.1.tlog
